t=2020-09-18T00:25:26+0530 lvl=info msg="Successful Logout" logger=http.server User=admin@localhost
t=2020-09-18T00:25:27+0530 lvl=info msg="Request Completed" logger=context userId=1 orgId=1 uname=admin method=GET path=/logout status=302 remote_addr=127.0.0.1 time_ms=848 size=29 referer="http://localhost:3000/d/ClImz0OMz/sample-dashboard?orgId=1&from=1600272644967&to=1600359044967"
t=2020-09-18T00:25:50+0530 lvl=info msg="Shutdown started" logger=server reason="System signal: interrupt"
t=2020-09-18T12:15:11+0530 lvl=info msg="Starting Grafana" logger=server version=7.3.0-pre commit=1e4846d443 branch=master compiled=2020-09-15T14:13:31+0530
t=2020-09-18T12:15:11+0530 lvl=info msg="Config loaded from" logger=settings file=/root/grafana-project/src/github.com/grafana/grafana/conf/defaults.ini
t=2020-09-18T12:15:11+0530 lvl=info msg="Path Home" logger=settings path=/root/grafana-project/src/github.com/grafana/grafana
t=2020-09-18T12:15:11+0530 lvl=info msg="Path Data" logger=settings path=/root/grafana-project/src/github.com/grafana/grafana/data
t=2020-09-18T12:15:11+0530 lvl=info msg="Path Logs" logger=settings path=/root/grafana-project/src/github.com/grafana/grafana/data/log
t=2020-09-18T12:15:11+0530 lvl=info msg="Path Plugins" logger=settings path=/root/grafana-project/src/github.com/grafana/grafana/data/plugins
t=2020-09-18T12:15:11+0530 lvl=info msg="Path Provisioning" logger=settings path=/root/grafana-project/src/github.com/grafana/grafana/conf/provisioning
t=2020-09-18T12:15:11+0530 lvl=info msg="App mode production" logger=settings
t=2020-09-18T12:15:11+0530 lvl=info msg="Connecting to DB" logger=sqlstore dbtype=sqlite3
t=2020-09-18T12:15:11+0530 lvl=info msg="Starting DB migrations" logger=migrator
t=2020-09-18T12:15:11+0530 lvl=info msg="Starting plugin search" logger=plugins
t=2020-09-18T12:15:11+0530 lvl=warn msg="Plugin missing module.js" logger=plugins name="Direct Input" warning="Missing module.js, If you loaded this plugin from git, make sure to compile it." path=/root/grafana-project/src/github.com/grafana/grafana/plugins-bundled/internal/input-datasource/src/module.js
t=2020-09-18T12:15:11+0530 lvl=info msg="Registering plugin" logger=plugins name="Direct Input"
t=2020-09-18T12:15:11+0530 lvl=info msg="HTTP Server Listen" logger=http.server address=[::]:3000 protocol=http subUrl= socket=
t=2020-09-18T12:15:21+0530 lvl=info msg="Request Completed" logger=context userId=0 orgId=0 uname= method=GET path=/ status=302 remote_addr=[::1] time_ms=21 size=29 referer=
t=2020-09-18T12:15:26+0530 lvl=info msg="Successful Login" logger=http.server User=admin@localhost
t=2020-09-18T15:01:21+0530 lvl=info msg="Shutdown started" logger=server reason="System signal: interrupt"
t=2020-09-21T10:27:03+0530 lvl=info msg="Starting Grafana" logger=server version=7.1.5 commit=9893b8c53d branch=HEAD compiled=2020-08-25T13:57:17+0530
t=2020-09-21T10:27:03+0530 lvl=info msg="Config loaded from" logger=settings file=/root/grafana-repo/conf/defaults.ini
t=2020-09-21T10:27:03+0530 lvl=info msg="Path Home" logger=settings path=/root/grafana-repo
t=2020-09-21T10:27:03+0530 lvl=info msg="Path Data" logger=settings path=/root/grafana-repo/data
t=2020-09-21T10:27:03+0530 lvl=info msg="Path Logs" logger=settings path=/root/grafana-repo/data/log
t=2020-09-21T10:27:03+0530 lvl=info msg="Path Plugins" logger=settings path=/root/grafana-repo/data/plugins
t=2020-09-21T10:27:03+0530 lvl=info msg="Path Provisioning" logger=settings path=/root/grafana-repo/conf/provisioning
t=2020-09-21T10:27:03+0530 lvl=info msg="App mode production" logger=settings
t=2020-09-21T10:27:03+0530 lvl=info msg="Connecting to DB" logger=sqlstore dbtype=sqlite3
t=2020-09-21T10:27:03+0530 lvl=info msg="Starting DB migration" logger=migrator
t=2020-09-21T10:27:05+0530 lvl=info msg="Starting plugin search" logger=plugins
t=2020-09-21T10:27:05+0530 lvl=warn msg="Plugin missing module.js" logger=plugins name="Direct Input" warning="Missing module.js, If you loaded this plugin from git, make sure to compile it." path=/root/grafana-repo/plugins-bundled/internal/input-datasource/src/module.js
t=2020-09-21T10:27:05+0530 lvl=info msg="Registering plugin" logger=plugins name="Direct Input"
t=2020-09-21T10:27:05+0530 lvl=eror msg="Stopped HTTPServer" logger=server reason="failed to open listener on address 0.0.0.0:3000: listen tcp 0.0.0.0:3000: bind: address already in use"
t=2020-09-21T10:27:05+0530 lvl=info msg="Stopped Stream Manager"
t=2020-09-21T10:27:07+0530 lvl=eror msg="A service failed" logger=server err="failed to open listener on address 0.0.0.0:3000: listen tcp 0.0.0.0:3000: bind: address already in use"
t=2020-09-21T10:27:07+0530 lvl=eror msg="Server shutdown" logger=server reason="failed to open listener on address 0.0.0.0:3000: listen tcp 0.0.0.0:3000: bind: address already in use"
t=2020-09-21T10:30:46+0530 lvl=info msg="Starting Grafana" logger=server version=7.1.5 commit=9893b8c53d branch=HEAD compiled=2020-08-25T13:57:17+0530
t=2020-09-21T10:30:46+0530 lvl=info msg="Config loaded from" logger=settings file=/root/grafana-repo/conf/defaults.ini
t=2020-09-21T10:30:46+0530 lvl=info msg="Path Home" logger=settings path=/root/grafana-repo
t=2020-09-21T10:30:46+0530 lvl=info msg="Path Data" logger=settings path=/root/grafana-repo/data
t=2020-09-21T10:30:46+0530 lvl=info msg="Path Logs" logger=settings path=/root/grafana-repo/data/log
t=2020-09-21T10:30:46+0530 lvl=info msg="Path Plugins" logger=settings path=/root/grafana-repo/data/plugins
t=2020-09-21T10:30:46+0530 lvl=info msg="Path Provisioning" logger=settings path=/root/grafana-repo/conf/provisioning
t=2020-09-21T10:30:46+0530 lvl=info msg="App mode production" logger=settings
t=2020-09-21T10:30:46+0530 lvl=info msg="Connecting to DB" logger=sqlstore dbtype=sqlite3
t=2020-09-21T10:30:46+0530 lvl=info msg="Starting DB migration" logger=migrator
t=2020-09-21T10:30:46+0530 lvl=info msg="Starting plugin search" logger=plugins
t=2020-09-21T10:30:46+0530 lvl=warn msg="Plugin missing module.js" logger=plugins name="Direct Input" warning="Missing module.js, If you loaded this plugin from git, make sure to compile it." path=/root/grafana-repo/plugins-bundled/internal/input-datasource/src/module.js
t=2020-09-21T10:30:46+0530 lvl=info msg="Registering plugin" logger=plugins name="Direct Input"
t=2020-09-21T10:30:46+0530 lvl=info msg="HTTP Server Listen" logger=http.server address=[::]:3000 protocol=http subUrl= socket=
